2018-03-06T14:19:21.191Z - normal: Load ~/.CocosCreator/settings.json
2018-03-06T14:19:21.196Z - normal: checking language setting...
2018-03-06T14:19:21.196Z - normal: Language: en
2018-03-06T14:19:22.929Z - success: protocol editor-framework registered
2018-03-06T14:19:22.929Z - success: protocol app registered
2018-03-06T14:19:22.929Z - success: protocol theme registered
2018-03-06T14:19:22.929Z - success: protocol profile registered
2018-03-06T14:19:22.929Z - success: protocol packages registered
2018-03-06T14:19:22.929Z - success: protocol unpack registerred
2018-03-06T14:19:22.930Z - success: protocol disable-commonjs registerred
2018-03-06T14:19:23.966Z - normal: connected!
2018-03-06T14:19:23.967Z - normal: Check project D:\Workspace\Web\BerkoShko\HeadsGame
2018-03-06T14:19:23.970Z - normal: Initializing Cocos2d
2018-03-06T14:19:24.212Z - normal: Initializing Asset Database
2018-03-06T14:19:24.244Z - success: protocol uuid registerred
2018-03-06T14:19:24.244Z - success: protocol db registerred
2018-03-06T14:19:24.244Z - success: protocol thumbnail registerred
2018-03-06T14:19:24.244Z - normal: Loading editor/builtin packages
2018-03-06T14:19:24.264Z - success: anysdk loaded
2018-03-06T14:19:24.409Z - success: assets loaded
2018-03-06T14:19:24.411Z - success: builder loaded
2018-03-06T14:19:24.413Z - success: hierarchy loaded
2018-03-06T14:19:24.416Z - success: inspector loaded
2018-03-06T14:19:24.417Z - success: keystore loaded
2018-03-06T14:19:24.419Z - success: node-library loaded
2018-03-06T14:19:24.421Z - success: package-asset loaded
2018-03-06T14:19:24.422Z - success: preferences loaded
2018-03-06T14:19:24.424Z - success: project-exporter loaded
2018-03-06T14:19:24.437Z - success: project-importer loaded
2018-03-06T14:19:24.439Z - success: project-settings loaded
2018-03-06T14:19:24.441Z - success: ui-kit loaded
2018-03-06T14:19:24.447Z - success: ui-grid loaded
2018-03-06T14:19:24.450Z - success: scene loaded
2018-03-06T14:19:24.451Z - success: sprite-editor loaded
2018-03-06T14:19:24.454Z - success: store loaded
2018-03-06T14:19:24.458Z - success: timeline loaded
2018-03-06T14:19:24.458Z - normal: Loading builtin packages
2018-03-06T14:19:24.461Z - success: asset-db-debugger loaded
2018-03-06T14:19:24.461Z - success: color-picker loaded
2018-03-06T14:19:24.464Z - success: console loaded
2018-03-06T14:19:24.466Z - success: package-manager loaded
2018-03-06T14:19:24.469Z - success: sdkbox loaded
2018-03-06T14:19:24.471Z - success: tester loaded
2018-03-06T14:19:24.474Z - success: ui-kit-preview-extra loaded
2018-03-06T14:19:24.475Z - success: ui-kit-preview loaded
2018-03-06T14:19:24.477Z - success: ui-tree loaded
2018-03-06T14:19:25.403Z - normal: Initializing project D:\Workspace\Web\BerkoShko\HeadsGame
2018-03-06T14:19:25.409Z - normal: Loading packages
2018-03-06T14:19:25.415Z - normal: Watching packages
2018-03-06T14:19:25.429Z - normal: Run Application
2018-03-06T14:19:25.847Z - success: preview server running at http://localhost:7456
2018-03-06T14:19:30.180Z - normal: 1.6.1
2018-03-06T14:27:57.628Z - error: Should not add cc.Sprite to a node which size is already used by its other component.
    at Object.errorID (D:\CocosCreator\resources\engine\CCDebugger.js:338:18)
    at cc_Sprite._registSizeProvider (D:\CocosCreator\resources\engine\cocos2d\core\components\CCSGComponent.js:94:20)
    at cc_Sprite.__preload (D:\CocosCreator\resources\engine\cocos2d\core\components\CCRendererUnderSG.js:61:14)
    at cc_Sprite.Sprite.__preload (D:\CocosCreator\resources\engine\cocos2d\core\components\CCSprite.js:631:14)
    at call__preloadInTryCatch (eval at <anonymous> (D:\CocosCreator\resources\engine\cocos2d\core\utils\misc.js:1:1), <anonymous>:5:24)
    at CCClass._invoke (D:\CocosCreator\resources\engine\cocos2d\core\component-scheduler.js:222:21)
    at CCClass.invoke (D:\CocosCreator\resources\engine\cocos2d\core\node-activator.js:59:14)
    at CCClass.activateNode (D:\CocosCreator\resources\engine\cocos2d\core\node-activator.js:219:26)
    at cc_Node.set [as active] (D:\CocosCreator\resources\engine\cocos2d\core\utils\base-node.js:277:56)
2018-03-06T14:41:33.312Z - warn: No needs to indicate the 'cc.Boolean' attribute for "RoadGame.isPlay", which its default value is type of Boolean.
2018-03-06T14:42:11.078Z - warn: No needs to indicate the 'cc.Boolean' attribute for "RoadGame.isPlay", which its default value is type of Boolean.
2018-03-06T14:44:18.384Z - warn: No needs to indicate the 'cc.Boolean' attribute for "RoadGame.isPlay", which its default value is type of Boolean.
2018-03-06T14:45:05.299Z - warn: No needs to indicate the 'cc.Boolean' attribute for "RoadGame.isPlay", which its default value is type of Boolean.
2018-03-06T14:53:47.990Z - warn: No needs to indicate the 'cc.Boolean' attribute for "RoadGame.isPlay", which its default value is type of Boolean.
2018-03-06T14:54:13.040Z - warn: The 'type' attribute of 'RoadGame.manuMusic' must be child class of cc.Asset, otherwise you should use 'url: cc.AudioClip' instead
2018-03-06T14:54:13.040Z - warn: No needs to indicate the 'cc.Boolean' attribute for "RoadGame.isPlay", which its default value is type of Boolean.
2018-03-06T14:56:34.721Z - warn: No needs to indicate the 'cc.Boolean' attribute for "RoadGame.isPlay", which its default value is type of Boolean.
2018-03-06T14:58:21.699Z - warn: No needs to indicate the 'cc.Boolean' attribute for "RoadGame.isPlay", which its default value is type of Boolean.
2018-03-06T14:58:55.607Z - warn: No needs to indicate the 'cc.Boolean' attribute for "RoadGame.isPlay", which its default value is type of Boolean.
2018-03-06T15:01:02.660Z - warn: No needs to indicate the 'cc.Boolean' attribute for "RoadGame.isPlay", which its default value is type of Boolean.
2018-03-06T15:06:51.547Z - warn: No needs to indicate the 'cc.Boolean' attribute for "RoadGame.isPlay", which its default value is type of Boolean.
2018-03-06T15:24:10.725Z - warn: No needs to indicate the 'cc.Boolean' attribute for "RoadGame.isPlay", which its default value is type of Boolean.
2018-03-06T15:24:50.423Z - warn: No needs to indicate the 'cc.Boolean' attribute for "RoadGame.isPlay", which its default value is type of Boolean.
2018-03-06T15:25:10.938Z - warn: No needs to indicate the 'cc.Boolean' attribute for "RoadGame.isPlay", which its default value is type of Boolean.
2018-03-06T15:27:09.391Z - warn: No needs to indicate the 'cc.Boolean' attribute for "RoadGame.isPlay", which its default value is type of Boolean.
2018-03-06T15:38:49.067Z - warn: No needs to indicate the 'cc.Boolean' attribute for "RoadGame.isPlay", which its default value is type of Boolean.
2018-03-06T15:40:07.534Z - error: Property 'RoadGame.isPlay' must define at least one of 'default', 'get' or 'set'.
    at Object.errorID (D:\CocosCreator\resources\engine\CCDebugger.js:338:18)
    at Object.exports.preprocessAttrs (D:\CocosCreator\resources\engine\cocos2d\core\platform\preprocess-class.js:231:28)
    at declareProperties (D:\CocosCreator\resources\engine\cocos2d\core\platform\CCClass.js:705:20)
    at Object.CCClass [as Class] (D:\CocosCreator\resources\engine\cocos2d\core\platform\CCClass.js:840:9)
    at __define (D:\Workspace\Web\BerkoShko\HeadsGame\temp\quick-scripts\assets\scripts\RoadGame.js:7:4)
    at D:\Workspace\Web\BerkoShko\HeadsGame\temp\quick-scripts\assets\scripts\RoadGame.js:202:13
    at Object.<anonymous> (D:\Workspace\Web\BerkoShko\HeadsGame\temp\quick-scripts\assets\scripts\RoadGame.js:209:11)
    at Module._compile (module.js:556:32)
    at Object.Module._extensions..js (module.js:565:10)
